2026-06-28 17:06:11,439 | DEBUG    | asyncio:__init__:631 | Using proactor: IocpProactor
2026-06-28 17:06:12,788 | INFO     | autovideofactory.services.pipeline:run_full_pipeline:84 | Starting full pipeline: 47b07b1511084efe9366d3d9e093313b
2026-06-28 17:06:12,856 | DEBUG    | httpcore.connection:atrace:87 | connect_tcp.started host='localhost' port=11434 local_address=None timeout=600.0 socket_options=None
2026-06-28 17:06:13,200 | DEBUG    | httpcore.connection:atrace:87 | connect_tcp.complete return_value=<httpcore._backends.anyio.AnyIOStream object at 0x0000017C0562A900>
2026-06-28 17:06:13,229 | DEBUG    | httpcore.http11:atrace:87 | send_request_headers.started request=<Request [b'POST']>
2026-06-28 17:06:13,254 | DEBUG    | httpcore.http11:atrace:87 | send_request_headers.complete
2026-06-28 17:06:13,256 | DEBUG    | httpcore.http11:atrace:87 | send_request_body.started request=<Request [b'POST']>
2026-06-28 17:06:13,257 | DEBUG    | httpcore.http11:atrace:87 | send_request_body.complete
2026-06-28 17:06:13,258 | DEBUG    | httpcore.http11:atrace:87 | receive_response_headers.started request=<Request [b'POST']>
2026-06-28 17:06:29,426 | DEBUG    | httpcore.http11:atrace:87 | receive_response_headers.complete return_value=(b'HTTP/1.1', 200, b'OK', [(b'Content-Type', b'application/json; charset=utf-8'), (b'Date', b'Sun, 28 Jun 2026 11:36:29 GMT'), (b'Content-Length', b'1464')])
2026-06-28 17:06:29,428 | INFO     | httpx:_send_single_request:1740 | HTTP Request: POST http://localhost:11434/api/generate "HTTP/1.1 200 OK"
2026-06-28 17:06:29,429 | DEBUG    | httpcore.http11:atrace:87 | receive_response_body.started request=<Request [b'POST']>
2026-06-28 17:06:29,430 | DEBUG    | httpcore.http11:atrace:87 | receive_response_body.complete
2026-06-28 17:06:29,431 | DEBUG    | httpcore.http11:atrace:87 | response_closed.started
2026-06-28 17:06:29,433 | DEBUG    | httpcore.http11:atrace:87 | response_closed.complete
2026-06-28 17:06:29,435 | DEBUG    | httpcore.http11:atrace:87 | send_request_headers.started request=<Request [b'POST']>
2026-06-28 17:06:29,437 | DEBUG    | httpcore.http11:atrace:87 | send_request_headers.complete
2026-06-28 17:06:29,437 | DEBUG    | httpcore.http11:atrace:87 | send_request_body.started request=<Request [b'POST']>
2026-06-28 17:06:29,439 | DEBUG    | httpcore.http11:atrace:87 | send_request_body.complete
2026-06-28 17:06:29,439 | DEBUG    | httpcore.http11:atrace:87 | receive_response_headers.started request=<Request [b'POST']>
2026-06-28 17:06:45,315 | DEBUG    | httpcore.http11:atrace:87 | receive_response_headers.complete return_value=(b'HTTP/1.1', 200, b'OK', [(b'Content-Type', b'application/json; charset=utf-8'), (b'Date', b'Sun, 28 Jun 2026 11:36:45 GMT'), (b'Content-Length', b'1750')])
2026-06-28 17:06:45,317 | INFO     | httpx:_send_single_request:1740 | HTTP Request: POST http://localhost:11434/api/generate "HTTP/1.1 200 OK"
2026-06-28 17:06:45,320 | DEBUG    | httpcore.http11:atrace:87 | receive_response_body.started request=<Request [b'POST']>
2026-06-28 17:06:45,321 | DEBUG    | httpcore.http11:atrace:87 | receive_response_body.complete
2026-06-28 17:06:45,322 | DEBUG    | httpcore.http11:atrace:87 | response_closed.started
2026-06-28 17:06:45,323 | DEBUG    | httpcore.http11:atrace:87 | response_closed.complete
2026-06-28 17:06:45,325 | DEBUG    | httpcore.connection:atrace:87 | connect_tcp.started host='localhost' port=11434 local_address=None timeout=600.0 socket_options=None
2026-06-28 17:06:45,594 | DEBUG    | httpcore.connection:atrace:87 | connect_tcp.complete return_value=<httpcore._backends.anyio.AnyIOStream object at 0x0000017C0569E490>
2026-06-28 17:06:45,595 | DEBUG    | httpcore.http11:atrace:87 | send_request_headers.started request=<Request [b'POST']>
2026-06-28 17:06:45,597 | DEBUG    | httpcore.http11:atrace:87 | send_request_headers.complete
2026-06-28 17:06:45,598 | DEBUG    | httpcore.http11:atrace:87 | send_request_body.started request=<Request [b'POST']>
2026-06-28 17:06:45,599 | DEBUG    | httpcore.http11:atrace:87 | send_request_body.complete
2026-06-28 17:06:45,602 | DEBUG    | httpcore.http11:atrace:87 | receive_response_headers.started request=<Request [b'POST']>
2026-06-28 17:07:27,036 | DEBUG    | httpcore.http11:atrace:87 | receive_response_headers.complete return_value=(b'HTTP/1.1', 200, b'OK', [(b'Content-Type', b'application/json; charset=utf-8'), (b'Date', b'Sun, 28 Jun 2026 11:37:27 GMT'), (b'Transfer-Encoding', b'chunked')])
2026-06-28 17:07:27,037 | INFO     | httpx:_send_single_request:1740 | HTTP Request: POST http://localhost:11434/api/generate "HTTP/1.1 200 OK"
2026-06-28 17:07:27,038 | DEBUG    | httpcore.http11:atrace:87 | receive_response_body.started request=<Request [b'POST']>
2026-06-28 17:07:27,051 | DEBUG    | httpcore.http11:atrace:87 | receive_response_body.complete
2026-06-28 17:07:27,052 | DEBUG    | httpcore.http11:atrace:87 | response_closed.started
2026-06-28 17:07:27,053 | DEBUG    | httpcore.http11:atrace:87 | response_closed.complete
2026-06-28 17:07:27,064 | DEBUG    | httpcore.http11:atrace:87 | send_request_headers.started request=<Request [b'POST']>
2026-06-28 17:07:27,065 | DEBUG    | httpcore.http11:atrace:87 | send_request_headers.complete
2026-06-28 17:07:27,066 | DEBUG    | httpcore.http11:atrace:87 | send_request_body.started request=<Request [b'POST']>
2026-06-28 17:07:27,067 | DEBUG    | httpcore.http11:atrace:87 | send_request_body.complete
2026-06-28 17:07:27,068 | DEBUG    | httpcore.http11:atrace:87 | receive_response_headers.started request=<Request [b'POST']>
2026-06-28 17:07:30,441 | DEBUG    | httpcore.http11:atrace:87 | receive_response_headers.complete return_value=(b'HTTP/1.1', 200, b'OK', [(b'Content-Type', b'application/json; charset=utf-8'), (b'Date', b'Sun, 28 Jun 2026 11:37:30 GMT'), (b'Content-Length', b'863')])
2026-06-28 17:07:30,443 | INFO     | httpx:_send_single_request:1740 | HTTP Request: POST http://localhost:11434/api/generate "HTTP/1.1 200 OK"
2026-06-28 17:07:30,445 | DEBUG    | httpcore.http11:atrace:87 | receive_response_body.started request=<Request [b'POST']>
2026-06-28 17:07:30,446 | DEBUG    | httpcore.http11:atrace:87 | receive_response_body.complete
2026-06-28 17:07:30,447 | DEBUG    | httpcore.http11:atrace:87 | response_closed.started
2026-06-28 17:07:30,448 | DEBUG    | httpcore.http11:atrace:87 | response_closed.complete
2026-06-28 17:07:30,450 | INFO     | autovideofactory.services.pipeline:_step_script_writing:179 | Detected script mood: dramatic
2026-06-28 17:07:35,878 | DEBUG    | httpcore.connection:atrace:87 | connect_tcp.started host='image.pollinations.ai' port=443 local_address=None timeout=120.0 socket_options=None
2026-06-28 17:07:35,962 | DEBUG    | httpcore.connection:atrace:87 | connect_tcp.complete return_value=<httpcore._backends.anyio.AnyIOStream object at 0x0000017C05E00190>
2026-06-28 17:07:35,963 | DEBUG    | httpcore.connection:atrace:87 | start_tls.started ssl_context=<ssl.SSLContext object at 0x0000017C05CE7B40> server_hostname='image.pollinations.ai' timeout=120.0
2026-06-28 17:07:35,986 | DEBUG    | httpcore.connection:atrace:87 | start_tls.complete return_value=<httpcore._backends.anyio.AnyIOStream object at 0x0000017C05E1CE90>
2026-06-28 17:07:35,988 | DEBUG    | httpcore.http11:atrace:87 | send_request_headers.started request=<Request [b'GET']>
2026-06-28 17:07:35,990 | DEBUG    | httpcore.http11:atrace:87 | send_request_headers.complete
2026-06-28 17:07:35,991 | DEBUG    | httpcore.http11:atrace:87 | send_request_body.started request=<Request [b'GET']>
2026-06-28 17:07:35,992 | DEBUG    | httpcore.http11:atrace:87 | send_request_body.complete
2026-06-28 17:07:35,993 | DEBUG    | httpcore.http11:atrace:87 | receive_response_headers.started request=<Request [b'GET']>
2026-06-28 17:07:36,696 | DEBUG    | httpcore.http11:atrace:87 | receive_response_headers.complete return_value=(b'HTTP/1.1', 200, b'OK', [(b'Content-Type', b'image/jpeg'), (b'Transfer-Encoding', b'chunked'), (b'Connection', b'keep-alive'), (b'Date', b'Sun, 28 Jun 2026 11:37:36 GMT'), (b'X-Content-Type-Options', b'nosniff'), (b'X-Model-Used', b'sana'), (b'CF-Ray', b'a12c667dfb493d3f-BOM'), (b'CF-Cache-Status', b'DYNAMIC'), (b'Access-Control-Allow-Origin', b'*'), (b'Cache-Control', b'public, max-age=31536000, immutable'), (b'Content-Disposition', b'inline; filename="simple-illustration-of-heres-a-script-for-a-30-second-video-0s-3s-hook-upbeat-background-music.jpg"'), (b'Server', b'cloudflare'), (b'Strict-Transport-Security', b'max-age=0; includeSubDomains; preload'), (b'Access-Control-Allow-Headers', b'Content-Type, X-PAYMENT'), (b'Access-Control-Allow-Methods', b'GET, POST, OPTIONS'), (b'Access-Control-Expose-Headers', b'X-Auth-Status'), (b'Access-Control-Expose-Headers', b'X-Auth-Reason'), (b'Access-Control-Expose-Headers', b'X-PAYMENT-RESPONSE'), (b'Access-Control-Expose-Headers', b'X-Debug-Token'), (b'Access-Control-Expose-Headers', b'X-Debug-Token-Source'), (b'Access-Control-Expose-Headers', b'X-Debug-Referrer'), (b'Access-Control-Expose-Headers', b'X-Debug-Legacy-Token-Match'), (b'Access-Control-Expose-Headers', b'X-Debug-Allowlist-Match'), (b'Access-Control-Expose-Headers', b'X-Debug-User-Id'), (b'Nel', b'{"report_to":"cf-nel","success_fraction":0.0,"max_age":604800}'), (b'Report-To', b'{"group":"cf-nel","max_age":604800,"endpoints":[{"url":"https://a.nel.cloudflare.com/report/v4?s=djN31MMEWENj1VgZe6SkgREEx%2BidYlac9U5kLZORNEhsnhn%2FSUD9kk1Infj5fsjmZ0EKXrGCRQu3dJDLEGmS0atKdsprnbL8TrSjPWFI4ZblTYoRBgDa65xQ3Vfb863Vtx3d%2Bv40FVFWLWPJW%2BduDLIVDnIp3F%2BOjy45"}]}'), (b'X-Usage-Total-Tokens', b'1'), (b'X-Auth-Result', b'NONE'), (b'X-Auth-Status', b'unauthenticated'), (b'X-Usage-Completion-Image-Tokens', b'1'), (b'X-Cache', b'Miss from cloudfront'), (b'Via', b'1.1 70fc196525462d12303d29d0ef81c74e.cloudfront.net (CloudFront)'), (b'X-Amz-Cf-Pop', b'BOM78-P6'), (b'X-Amz-Cf-Id', b'6G0SUSZCOYxhUG9K-_rNALS6nHhwV0pP3FJvAn4DHmCnz8HgHzph9A=='), (b'Vary', b'Accept-Encoding')])
2026-06-28 17:07:36,714 | INFO     | httpx:_send_single_request:1740 | HTTP Request: GET https://image.pollinations.ai/prompt/Simple%20illustration%20of%20Here%27s%20a%20script%20for%20a%2030-second%20video%3A%200s-3s%20%28Hook%29%20%28Upbeat%20background%20music%20starts%20playing%2C%20clean%20digital%20art%20style?width=1024&height=1024 "HTTP/1.1 200 OK"
2026-06-28 17:07:36,734 | DEBUG    | httpcore.http11:atrace:87 | receive_response_body.started request=<Request [b'GET']>
2026-06-28 17:07:36,776 | DEBUG    | httpcore.http11:atrace:87 | receive_response_body.complete
2026-06-28 17:07:36,777 | DEBUG    | httpcore.http11:atrace:87 | response_closed.started
2026-06-28 17:07:36,778 | DEBUG    | httpcore.http11:atrace:87 | response_closed.complete
2026-06-28 17:07:36,780 | INFO     | autovideofactory.services.pipeline:_download_asset:267 | Downloaded asset: output\assets\scene_0.jpg (70159 bytes)
2026-06-28 17:07:36,781 | DEBUG    | httpcore.connection:atrace:87 | close.started
2026-06-28 17:07:36,782 | DEBUG    | httpcore.connection:atrace:87 | close.complete
2026-06-28 17:07:41,009 | DEBUG    | httpcore.connection:atrace:87 | connect_tcp.started host='image.pollinations.ai' port=443 local_address=None timeout=120.0 socket_options=None
2026-06-28 17:07:41,042 | DEBUG    | httpcore.connection:atrace:87 | connect_tcp.complete return_value=<httpcore._backends.anyio.AnyIOStream object at 0x0000017C05E1E3F0>
2026-06-28 17:07:41,043 | DEBUG    | httpcore.connection:atrace:87 | start_tls.started ssl_context=<ssl.SSLContext object at 0x0000017C05CE7E20> server_hostname='image.pollinations.ai' timeout=120.0
2026-06-28 17:07:41,069 | DEBUG    | httpcore.connection:atrace:87 | start_tls.complete return_value=<httpcore._backends.anyio.AnyIOStream object at 0x0000017C05E25490>
2026-06-28 17:07:41,072 | DEBUG    | httpcore.http11:atrace:87 | send_request_headers.started request=<Request [b'GET']>
2026-06-28 17:07:41,073 | DEBUG    | httpcore.http11:atrace:87 | send_request_headers.complete
2026-06-28 17:07:41,074 | DEBUG    | httpcore.http11:atrace:87 | send_request_body.started request=<Request [b'GET']>
2026-06-28 17:07:41,075 | DEBUG    | httpcore.http11:atrace:87 | send_request_body.complete
2026-06-28 17:07:41,075 | DEBUG    | httpcore.http11:atrace:87 | receive_response_headers.started request=<Request [b'GET']>
2026-06-28 17:08:21,805 | DEBUG    | httpcore.http11:atrace:87 | receive_response_headers.complete return_value=(b'HTTP/1.1', 200, b'OK', [(b'Content-Type', b'image/jpeg'), (b'Transfer-Encoding', b'chunked'), (b'Connection', b'keep-alive'), (b'Date', b'Sun, 28 Jun 2026 11:38:21 GMT'), (b'X-Content-Type-Options', b'nosniff'), (b'X-Model-Used', b'sana'), (b'CF-Ray', b'a12c669dce42ff6d-BOM'), (b'CF-Cache-Status', b'DYNAMIC'), (b'Access-Control-Allow-Origin', b'*'), (b'Cache-Control', b'public, max-age=31536000, immutable'), (b'Content-Disposition', b'inline; filename="simple-illustration-of-a-futuristic-animation-of-ai-tools-appears-on-screen-clean-digital-art-style.jpg"'), (b'Server', b'cloudflare'), (b'Strict-Transport-Security', b'max-age=0; includeSubDomains; preload'), (b'Access-Control-Allow-Headers', b'Content-Type, X-PAYMENT'), (b'Access-Control-Allow-Methods', b'GET, POST, OPTIONS'), (b'Access-Control-Expose-Headers', b'X-Auth-Status'), (b'Access-Control-Expose-Headers', b'X-Auth-Reason'), (b'Access-Control-Expose-Headers', b'X-PAYMENT-RESPONSE'), (b'Access-Control-Expose-Headers', b'X-Debug-Token'), (b'Access-Control-Expose-Headers', b'X-Debug-Token-Source'), (b'Access-Control-Expose-Headers', b'X-Debug-Referrer'), (b'Access-Control-Expose-Headers', b'X-Debug-Legacy-Token-Match'), (b'Access-Control-Expose-Headers', b'X-Debug-Allowlist-Match'), (b'Access-Control-Expose-Headers', b'X-Debug-User-Id'), (b'Nel', b'{"report_to":"cf-nel","success_fraction":0.0,"max_age":604800}'), (b'Report-To', b'{"group":"cf-nel","max_age":604800,"endpoints":[{"url":"https://a.nel.cloudflare.com/report/v4?s=V0bRQzV3XXgpkiK4oQy4q0ClPccvk%2FDLZLccIARhbFpqkLoC3sYWdbyXJ4PMjfFBqXK2Zf1h2%2BWadRrxprrWA634k4SBfFVVYuoNgXSIc30K0UctpsA7n%2Bfq%2FG8Xe%2BSgR3nHA5KGURFZ1W0NS64kbuZc%2BPmiWGLm4owM"}]}'), (b'X-Usage-Total-Tokens', b'1'), (b'X-Auth-Result', b'NONE'), (b'X-Auth-Status', b'unauthenticated'), (b'X-Usage-Completion-Image-Tokens', b'1'), (b'X-Cache', b'Miss from cloudfront'), (b'Via', b'1.1 4ebba0c5401e3e42b9618d74bf6dd704.cloudfront.net (CloudFront)'), (b'X-Amz-Cf-Pop', b'BOM78-P6'), (b'X-Amz-Cf-Id', b'jISKgGH8EeUwnvX8wvg92A8xJ46YFpL0tOCOug5nIxWKs_3cmR3g-Q=='), (b'Vary', b'Accept-Encoding')])
2026-06-28 17:08:21,807 | INFO     | httpx:_send_single_request:1740 | HTTP Request: GET https://image.pollinations.ai/prompt/Simple%20illustration%20of%20A%20futuristic%20animation%20of%20AI%20tools%20appears%20on%20screen%2C%20clean%20digital%20art%20style?width=1024&height=1024 "HTTP/1.1 200 OK"
2026-06-28 17:08:21,809 | DEBUG    | httpcore.http11:atrace:87 | receive_response_body.started request=<Request [b'GET']>
2026-06-28 17:08:21,886 | DEBUG    | httpcore.http11:atrace:87 | receive_response_body.complete
2026-06-28 17:08:21,887 | DEBUG    | httpcore.http11:atrace:87 | response_closed.started
2026-06-28 17:08:21,889 | DEBUG    | httpcore.http11:atrace:87 | response_closed.complete
2026-06-28 17:08:21,901 | INFO     | autovideofactory.services.pipeline:_download_asset:267 | Downloaded asset: output\assets\scene_1.jpg (79837 bytes)
2026-06-28 17:08:21,903 | DEBUG    | httpcore.connection:atrace:87 | close.started
2026-06-28 17:08:21,905 | DEBUG    | httpcore.connection:atrace:87 | close.complete
2026-06-28 17:08:27,231 | DEBUG    | httpcore.connection:atrace:87 | connect_tcp.started host='image.pollinations.ai' port=443 local_address=None timeout=120.0 socket_options=None
2026-06-28 17:08:27,319 | DEBUG    | httpcore.connection:atrace:87 | connect_tcp.complete return_value=<httpcore._backends.anyio.AnyIOStream object at 0x0000017C05E219D0>
2026-06-28 17:08:27,332 | DEBUG    | httpcore.connection:atrace:87 | start_tls.started ssl_context=<ssl.SSLContext object at 0x0000017C05E0C050> server_hostname='image.pollinations.ai' timeout=120.0
2026-06-28 17:08:27,360 | DEBUG    | httpcore.connection:atrace:87 | start_tls.complete return_value=<httpcore._backends.anyio.AnyIOStream object at 0x0000017C05E21BF0>
2026-06-28 17:08:27,362 | DEBUG    | httpcore.http11:atrace:87 | send_request_headers.started request=<Request [b'GET']>
2026-06-28 17:08:27,364 | DEBUG    | httpcore.http11:atrace:87 | send_request_headers.complete
2026-06-28 17:08:27,366 | DEBUG    | httpcore.http11:atrace:87 | send_request_body.started request=<Request [b'GET']>
2026-06-28 17:08:27,368 | DEBUG    | httpcore.http11:atrace:87 | send_request_body.complete
2026-06-28 17:08:27,369 | DEBUG    | httpcore.http11:atrace:87 | receive_response_headers.started request=<Request [b'GET']>
2026-06-28 17:09:07,119 | DEBUG    | httpcore.http11:atrace:87 | receive_response_headers.complete return_value=(b'HTTP/1.1', 200, b'OK', [(b'Content-Type', b'image/jpeg'), (b'Transfer-Encoding', b'chunked'), (b'Connection', b'keep-alive'), (b'Date', b'Sun, 28 Jun 2026 11:39:06 GMT'), (b'X-Content-Type-Options', b'nosniff'), (b'X-Model-Used', b'sana'), (b'CF-Ray', b'a12c67bf1c0dc203-BOM'), (b'CF-Cache-Status', b'DYNAMIC'), (b'Access-Control-Allow-Origin', b'*'), (b'Cache-Control', b'public, max-age=31536000, immutable'), (b'Content-Disposition', b'inline; filename="simple-illustration-of-narrator-imagine-having-an-invisible-assistant-making-work-easier-than-ev.jpg"'), (b'Server', b'cloudflare'), (b'Strict-Transport-Security', b'max-age=0; includeSubDomains; preload'), (b'Access-Control-Allow-Headers', b'Content-Type, X-PAYMENT'), (b'Access-Control-Allow-Methods', b'GET, POST, OPTIONS'), (b'Access-Control-Expose-Headers', b'X-Auth-Status'), (b'Access-Control-Expose-Headers', b'X-Auth-Reason'), (b'Access-Control-Expose-Headers', b'X-PAYMENT-RESPONSE'), (b'Access-Control-Expose-Headers', b'X-Debug-Token'), (b'Access-Control-Expose-Headers', b'X-Debug-Token-Source'), (b'Access-Control-Expose-Headers', b'X-Debug-Referrer'), (b'Access-Control-Expose-Headers', b'X-Debug-Legacy-Token-Match'), (b'Access-Control-Expose-Headers', b'X-Debug-Allowlist-Match'), (b'Access-Control-Expose-Headers', b'X-Debug-User-Id'), (b'Nel', b'{"report_to":"cf-nel","success_fraction":0.0,"max_age":604800}'), (b'Report-To', b'{"group":"cf-nel","max_age":604800,"endpoints":[{"url":"https://a.nel.cloudflare.com/report/v4?s=%2Fogz3VHfi9rNUSVP78dzCuMgKVQ1mfo2BJIj14MMQX2hp2YWbZgw8WxtcvW7U%2B4BHp%2F6ERvNl%2BF3RzyP%2F94lAU9EQ0YuxhnWBrfNUVVokYK2QBfEB8NZwRZGlR3%2BIIfvDGNjvlAzPJZatYuycXlwNKE2n8uQWMugiK%2Bx"}]}'), (b'X-Usage-Total-Tokens', b'1'), (b'X-Auth-Result', b'NONE'), (b'X-Auth-Status', b'unauthenticated'), (b'X-Usage-Completion-Image-Tokens', b'1'), (b'X-Cache', b'Miss from cloudfront'), (b'Via', b'1.1 9c08d3456a35c9e76373bd2c999067c2.cloudfront.net (CloudFront)'), (b'X-Amz-Cf-Pop', b'BOM78-P6'), (b'X-Amz-Cf-Id', b'kIimGHWTc0pgk9tJksxM3SCmEYPYzbxiUnb8OnCD9gAg4tmiAtfpaw=='), (b'Vary', b'Accept-Encoding')])
2026-06-28 17:09:07,122 | INFO     | httpx:_send_single_request:1740 | HTTP Request: GET https://image.pollinations.ai/prompt/Simple%20illustration%20of%20%29%20Narrator%3A%20Imagine%20having%20an%20invisible%20assistant%2C%20making%20work%20easier%20than%20ever%2C%20clean%20digital%20art%20style?width=1024&height=1024 "HTTP/1.1 200 OK"
2026-06-28 17:09:07,123 | DEBUG    | httpcore.http11:atrace:87 | receive_response_body.started request=<Request [b'GET']>
2026-06-28 17:09:07,186 | DEBUG    | httpcore.http11:atrace:87 | receive_response_body.complete
2026-06-28 17:09:07,189 | DEBUG    | httpcore.http11:atrace:87 | response_closed.started
2026-06-28 17:09:07,199 | DEBUG    | httpcore.http11:atrace:87 | response_closed.complete
2026-06-28 17:09:07,213 | INFO     | autovideofactory.services.pipeline:_download_asset:267 | Downloaded asset: output\assets\scene_2.jpg (68284 bytes)
2026-06-28 17:09:07,231 | DEBUG    | httpcore.connection:atrace:87 | close.started
2026-06-28 17:09:07,234 | DEBUG    | httpcore.connection:atrace:87 | close.complete
2026-06-28 17:09:11,617 | DEBUG    | httpcore.connection:atrace:87 | connect_tcp.started host='image.pollinations.ai' port=443 local_address=None timeout=120.0 socket_options=None
2026-06-28 17:09:11,703 | DEBUG    | httpcore.connection:atrace:87 | connect_tcp.complete return_value=<httpcore._backends.anyio.AnyIOStream object at 0x0000017C05E10B50>
2026-06-28 17:09:11,705 | DEBUG    | httpcore.connection:atrace:87 | start_tls.started ssl_context=<ssl.SSLContext object at 0x0000017C05E0C5D0> server_hostname='image.pollinations.ai' timeout=120.0
2026-06-28 17:09:11,733 | DEBUG    | httpcore.connection:atrace:87 | start_tls.complete return_value=<httpcore._backends.anyio.AnyIOStream object at 0x0000017C05E10850>
2026-06-28 17:09:11,735 | DEBUG    | httpcore.http11:atrace:87 | send_request_headers.started request=<Request [b'GET']>
2026-06-28 17:09:11,737 | DEBUG    | httpcore.http11:atrace:87 | send_request_headers.complete
2026-06-28 17:09:11,738 | DEBUG    | httpcore.http11:atrace:87 | send_request_body.started request=<Request [b'GET']>
2026-06-28 17:09:11,739 | DEBUG    | httpcore.http11:atrace:87 | send_request_body.complete
2026-06-28 17:09:11,741 | DEBUG    | httpcore.http11:atrace:87 | receive_response_headers.started request=<Request [b'GET']>
2026-06-28 17:09:51,698 | DEBUG    | httpcore.http11:atrace:87 | receive_response_headers.complete return_value=(b'HTTP/1.1', 200, b'OK', [(b'Content-Type', b'image/jpeg'), (b'Transfer-Encoding', b'chunked'), (b'Connection', b'keep-alive'), (b'Date', b'Sun, 28 Jun 2026 11:39:51 GMT'), (b'X-Content-Type-Options', b'nosniff'), (b'X-Model-Used', b'sana'), (b'CF-Ray', b'a12c68d46f13c203-BOM'), (b'CF-Cache-Status', b'DYNAMIC'), (b'Access-Control-Allow-Origin', b'*'), (b'Cache-Control', b'public, max-age=31536000, immutable'), (b'Content-Disposition', b'inline; filename="simple-illustration-of-4s-15s-cut-to-text-overlays-with-the-following-points-introducing-ai-powere.jpg"'), (b'Server', b'cloudflare'), (b'Strict-Transport-Security', b'max-age=0; includeSubDomains; preload'), (b'Access-Control-Allow-Headers', b'Content-Type, X-PAYMENT'), (b'Access-Control-Allow-Methods', b'GET, POST, OPTIONS'), (b'Access-Control-Expose-Headers', b'X-Auth-Status'), (b'Access-Control-Expose-Headers', b'X-Auth-Reason'), (b'Access-Control-Expose-Headers', b'X-PAYMENT-RESPONSE'), (b'Access-Control-Expose-Headers', b'X-Debug-Token'), (b'Access-Control-Expose-Headers', b'X-Debug-Token-Source'), (b'Access-Control-Expose-Headers', b'X-Debug-Referrer'), (b'Access-Control-Expose-Headers', b'X-Debug-Legacy-Token-Match'), (b'Access-Control-Expose-Headers', b'X-Debug-Allowlist-Match'), (b'Access-Control-Expose-Headers', b'X-Debug-User-Id'), (b'Nel', b'{"report_to":"cf-nel","success_fraction":0.0,"max_age":604800}'), (b'Report-To', b'{"group":"cf-nel","max_age":604800,"endpoints":[{"url":"https://a.nel.cloudflare.com/report/v4?s=cS%2F2mvf9Z4lfgCWbIvqa%2FhW68BrFc9toAJg5wMRFtfSam8S8xaVB0kM7Q60Vi6AUc8Nz%2B4w8Tpd9Xfx7K3Hq1VM0rKshyMvb20N3eDRsxchau%2BcNUcHfS0EqnR05P2WmLeRZdMSjOlKLdOeXJGhm58M%2FJOty28DF9Xzc"}]}'), (b'X-Usage-Total-Tokens', b'1'), (b'X-Auth-Result', b'NONE'), (b'X-Auth-Status', b'unauthenticated'), (b'X-Usage-Completion-Image-Tokens', b'1'), (b'X-Cache', b'Miss from cloudfront'), (b'Via', b'1.1 843c2012772a24994ef21de01dc4441e.cloudfront.net (CloudFront)'), (b'X-Amz-Cf-Pop', b'BOM78-P6'), (b'X-Amz-Cf-Id', b'N2mKQK5ouY87Z0YsSu5bNKYNVcgVJWk8l146iSnEQESqPaHMd_AkEg=='), (b'Vary', b'Accept-Encoding')])
2026-06-28 17:09:51,700 | INFO     | httpx:_send_single_request:1740 | HTTP Request: GET https://image.pollinations.ai/prompt/Simple%20illustration%20of%204s-15s%20%28Cut%20to%20text%20overlays%20with%20the%20following%20points%29%20Introducing%20AI-powered%20automation%20for%20your%20tasks%2C%20clean%20digital%20art%20style?width=1024&height=1024 "HTTP/1.1 200 OK"
2026-06-28 17:09:51,701 | DEBUG    | httpcore.http11:atrace:87 | receive_response_body.started request=<Request [b'GET']>
2026-06-28 17:09:51,762 | DEBUG    | httpcore.http11:atrace:87 | receive_response_body.complete
2026-06-28 17:09:51,766 | DEBUG    | httpcore.http11:atrace:87 | response_closed.started
2026-06-28 17:09:51,781 | DEBUG    | httpcore.http11:atrace:87 | response_closed.complete
2026-06-28 17:09:51,783 | INFO     | autovideofactory.services.pipeline:_download_asset:267 | Downloaded asset: output\assets\scene_3.jpg (66688 bytes)
2026-06-28 17:09:51,784 | DEBUG    | httpcore.connection:atrace:87 | close.started
2026-06-28 17:09:51,785 | DEBUG    | httpcore.connection:atrace:87 | close.complete
2026-06-28 17:09:55,533 | DEBUG    | httpcore.connection:atrace:87 | connect_tcp.started host='image.pollinations.ai' port=443 local_address=None timeout=120.0 socket_options=None
2026-06-28 17:09:55,557 | DEBUG    | httpcore.connection:atrace:87 | connect_tcp.complete return_value=<httpcore._backends.anyio.AnyIOStream object at 0x0000017C05F2EB70>
2026-06-28 17:09:55,559 | DEBUG    | httpcore.connection:atrace:87 | start_tls.started ssl_context=<ssl.SSLContext object at 0x0000017C0562B620> server_hostname='image.pollinations.ai' timeout=120.0
2026-06-28 17:09:55,584 | DEBUG    | httpcore.connection:atrace:87 | start_tls.complete return_value=<httpcore._backends.anyio.AnyIOStream object at 0x0000017C05F2E8A0>
2026-06-28 17:09:55,585 | DEBUG    | httpcore.http11:atrace:87 | send_request_headers.started request=<Request [b'GET']>
2026-06-28 17:09:55,586 | DEBUG    | httpcore.http11:atrace:87 | send_request_headers.complete
2026-06-28 17:09:55,587 | DEBUG    | httpcore.http11:atrace:87 | send_request_body.started request=<Request [b'GET']>
2026-06-28 17:09:55,589 | DEBUG    | httpcore.http11:atrace:87 | send_request_body.complete
2026-06-28 17:09:55,590 | DEBUG    | httpcore.http11:atrace:87 | receive_response_headers.started request=<Request [b'GET']>
2026-06-28 17:10:36,748 | DEBUG    | httpcore.http11:atrace:87 | receive_response_headers.complete return_value=(b'HTTP/1.1', 200, b'OK', [(b'Content-Type', b'image/jpeg'), (b'Transfer-Encoding', b'chunked'), (b'Connection', b'keep-alive'), (b'Date', b'Sun, 28 Jun 2026 11:40:36 GMT'), (b'X-Content-Type-Options', b'nosniff'), (b'X-Model-Used', b'sana'), (b'CF-Ray', b'a12c69e67fdec203-BOM'), (b'CF-Cache-Status', b'DYNAMIC'), (b'Access-Control-Allow-Origin', b'*'), (b'Cache-Control', b'public, max-age=31536000, immutable'), (b'Content-Disposition', b'inline; filename="simple-illustration-of-personalized-organization-and-management-tailored-just-for-you-clean-digita.jpg"'), (b'Server', b'cloudflare'), (b'Strict-Transport-Security', b'max-age=0; includeSubDomains; preload'), (b'Access-Control-Allow-Headers', b'Content-Type, X-PAYMENT'), (b'Access-Control-Allow-Methods', b'GET, POST, OPTIONS'), (b'Access-Control-Expose-Headers', b'X-Auth-Status'), (b'Access-Control-Expose-Headers', b'X-Auth-Reason'), (b'Access-Control-Expose-Headers', b'X-PAYMENT-RESPONSE'), (b'Access-Control-Expose-Headers', b'X-Debug-Token'), (b'Access-Control-Expose-Headers', b'X-Debug-Token-Source'), (b'Access-Control-Expose-Headers', b'X-Debug-Referrer'), (b'Access-Control-Expose-Headers', b'X-Debug-Legacy-Token-Match'), (b'Access-Control-Expose-Headers', b'X-Debug-Allowlist-Match'), (b'Access-Control-Expose-Headers', b'X-Debug-User-Id'), (b'Nel', b'{"report_to":"cf-nel","success_fraction":0.0,"max_age":604800}'), (b'Report-To', b'{"group":"cf-nel","max_age":604800,"endpoints":[{"url":"https://a.nel.cloudflare.com/report/v4?s=ndRtNZzTDZb9IrahbB7MyeDPLRaFJq1NsUNwFpyVGo3igBgqYxlX%2FwMsTXJa4PpKNeyFO6vAxtfTrS3VzQ5FOEj5ZnAC7LYBo%2FDuX5H6Y5dETvRzE22Y6q5%2F1lo6C1PFh0hQPlCTaLZqs0UR7vbojk47yZsBiB7A2LeP"}]}'), (b'X-Usage-Total-Tokens', b'1'), (b'X-Auth-Result', b'NONE'), (b'X-Auth-Status', b'unauthenticated'), (b'X-Usage-Completion-Image-Tokens', b'1'), (b'X-Cache', b'Miss from cloudfront'), (b'Via', b'1.1 4ebba0c5401e3e42b9618d74bf6dd704.cloudfront.net (CloudFront)'), (b'X-Amz-Cf-Pop', b'BOM78-P6'), (b'X-Amz-Cf-Id', b'Xp2j5E-z0zREFM6I4OOxYDqyUDAbs2wZhGZiJT5KXau4Mbhv6JnvZA=='), (b'Vary', b'Accept-Encoding')])
2026-06-28 17:10:36,764 | INFO     | httpx:_send_single_request:1740 | HTTP Request: GET https://image.pollinations.ai/prompt/Simple%20illustration%20of%20Personalized%20organization%20and%20management%2C%20tailored%20just%20for%20you%2C%20clean%20digital%20art%20style?width=1024&height=1024 "HTTP/1.1 200 OK"
2026-06-28 17:10:36,773 | DEBUG    | httpcore.http11:atrace:87 | receive_response_body.started request=<Request [b'GET']>
2026-06-28 17:10:36,825 | DEBUG    | httpcore.http11:atrace:87 | receive_response_body.complete
2026-06-28 17:10:36,832 | DEBUG    | httpcore.http11:atrace:87 | response_closed.started
2026-06-28 17:10:36,841 | DEBUG    | httpcore.http11:atrace:87 | response_closed.complete
2026-06-28 17:10:36,878 | INFO     | autovideofactory.services.pipeline:_download_asset:267 | Downloaded asset: output\assets\scene_4.jpg (57086 bytes)
2026-06-28 17:10:36,891 | DEBUG    | httpcore.connection:atrace:87 | close.started
2026-06-28 17:10:36,922 | DEBUG    | httpcore.connection:atrace:87 | close.complete
2026-06-28 17:10:38,436 | INFO     | autovideofactory.services.pipeline:_get_bg_music_path:79 | No background music found for mood 'dramatic' — skipping
2026-06-28 17:10:40,758 | DEBUG    | PIL.TiffImagePlugin:load:942 | tag: Make (271) - type: string (2) Tag Location: 22 - Data Location: 126 - value: b'sana\x00'
2026-06-28 17:10:40,760 | DEBUG    | PIL.TiffImagePlugin:load:942 | tag: Orientation (274) - type: short (3) - value: b'\x01\x00'
2026-06-28 17:10:40,760 | DEBUG    | PIL.TiffImagePlugin:load:942 | tag: XResolution (282) - type: rational (5) Tag Location: 46 - Data Location: 110 - value: b'H\x00\x00\x00\x01\x00\x00\x00'
2026-06-28 17:10:40,761 | DEBUG    | PIL.TiffImagePlugin:load:942 | tag: YResolution (283) - type: rational (5) Tag Location: 58 - Data Location: 118 - value: b'H\x00\x00\x00\x01\x00\x00\x00'
2026-06-28 17:10:40,762 | DEBUG    | PIL.TiffImagePlugin:load:942 | tag: ResolutionUnit (296) - type: short (3) - value: b'\x02\x00'
2026-06-28 17:10:40,762 | DEBUG    | PIL.TiffImagePlugin:load:942 | tag: YCbCrPositioning (531) - type: short (3) - value: b'\x01\x00'
2026-06-28 17:10:40,763 | DEBUG    | PIL.TiffImagePlugin:load:942 | tag: ExifIFD (34665) - type: long (4) - value: b'\x04\x03\x00\x00'
2026-06-28 17:10:40,764 | DEBUG    | PIL.TiffImagePlugin:load:942 | tag: UserComment (37510) - type: undefined (7) Tag Location: 106 - Data Location: 132 - value: <table: 640 bytes>
2026-06-28 17:10:58,162 | DEBUG    | PIL.TiffImagePlugin:load:942 | tag: Make (271) - type: string (2) Tag Location: 22 - Data Location: 126 - value: b'sana\x00'
2026-06-28 17:10:58,164 | DEBUG    | PIL.TiffImagePlugin:load:942 | tag: Orientation (274) - type: short (3) - value: b'\x01\x00'
2026-06-28 17:10:58,167 | DEBUG    | PIL.TiffImagePlugin:load:942 | tag: XResolution (282) - type: rational (5) Tag Location: 46 - Data Location: 110 - value: b'H\x00\x00\x00\x01\x00\x00\x00'
2026-06-28 17:10:58,170 | DEBUG    | PIL.TiffImagePlugin:load:942 | tag: YResolution (283) - type: rational (5) Tag Location: 58 - Data Location: 118 - value: b'H\x00\x00\x00\x01\x00\x00\x00'
2026-06-28 17:10:58,171 | DEBUG    | PIL.TiffImagePlugin:load:942 | tag: ResolutionUnit (296) - type: short (3) - value: b'\x02\x00'
2026-06-28 17:10:58,172 | DEBUG    | PIL.TiffImagePlugin:load:942 | tag: YCbCrPositioning (531) - type: short (3) - value: b'\x01\x00'
2026-06-28 17:10:58,173 | DEBUG    | PIL.TiffImagePlugin:load:942 | tag: ExifIFD (34665) - type: long (4) - value: b'\xb6\x02\x00\x00'
2026-06-28 17:10:58,174 | DEBUG    | PIL.TiffImagePlugin:load:942 | tag: UserComment (37510) - type: undefined (7) Tag Location: 106 - Data Location: 132 - value: <table: 562 bytes>
2026-06-28 17:11:15,413 | DEBUG    | PIL.TiffImagePlugin:load:942 | tag: Make (271) - type: string (2) Tag Location: 22 - Data Location: 126 - value: b'sana\x00'
2026-06-28 17:11:15,417 | DEBUG    | PIL.TiffImagePlugin:load:942 | tag: Orientation (274) - type: short (3) - value: b'\x01\x00'
2026-06-28 17:11:15,418 | DEBUG    | PIL.TiffImagePlugin:load:942 | tag: XResolution (282) - type: rational (5) Tag Location: 46 - Data Location: 110 - value: b'H\x00\x00\x00\x01\x00\x00\x00'
2026-06-28 17:11:15,419 | DEBUG    | PIL.TiffImagePlugin:load:942 | tag: YResolution (283) - type: rational (5) Tag Location: 58 - Data Location: 118 - value: b'H\x00\x00\x00\x01\x00\x00\x00'
2026-06-28 17:11:15,419 | DEBUG    | PIL.TiffImagePlugin:load:942 | tag: ResolutionUnit (296) - type: short (3) - value: b'\x02\x00'
2026-06-28 17:11:15,443 | DEBUG    | PIL.TiffImagePlugin:load:942 | tag: YCbCrPositioning (531) - type: short (3) - value: b'\x01\x00'
2026-06-28 17:11:15,444 | DEBUG    | PIL.TiffImagePlugin:load:942 | tag: ExifIFD (34665) - type: long (4) - value: b'\xec\x02\x00\x00'
2026-06-28 17:11:15,444 | DEBUG    | PIL.TiffImagePlugin:load:942 | tag: UserComment (37510) - type: undefined (7) Tag Location: 106 - Data Location: 132 - value: <table: 616 bytes>
2026-06-28 17:11:32,573 | DEBUG    | PIL.TiffImagePlugin:load:942 | tag: Make (271) - type: string (2) Tag Location: 22 - Data Location: 126 - value: b'sana\x00'
2026-06-28 17:11:32,574 | DEBUG    | PIL.TiffImagePlugin:load:942 | tag: Orientation (274) - type: short (3) - value: b'\x01\x00'
2026-06-28 17:11:32,575 | DEBUG    | PIL.TiffImagePlugin:load:942 | tag: XResolution (282) - type: rational (5) Tag Location: 46 - Data Location: 110 - value: b'H\x00\x00\x00\x01\x00\x00\x00'
2026-06-28 17:11:32,575 | DEBUG    | PIL.TiffImagePlugin:load:942 | tag: YResolution (283) - type: rational (5) Tag Location: 58 - Data Location: 118 - value: b'H\x00\x00\x00\x01\x00\x00\x00'
2026-06-28 17:11:32,576 | DEBUG    | PIL.TiffImagePlugin:load:942 | tag: ResolutionUnit (296) - type: short (3) - value: b'\x02\x00'
2026-06-28 17:11:32,577 | DEBUG    | PIL.TiffImagePlugin:load:942 | tag: YCbCrPositioning (531) - type: short (3) - value: b'\x01\x00'
2026-06-28 17:11:32,578 | DEBUG    | PIL.TiffImagePlugin:load:942 | tag: ExifIFD (34665) - type: long (4) - value: b'\x1e\x03\x00\x00'
2026-06-28 17:11:32,579 | DEBUG    | PIL.TiffImagePlugin:load:942 | tag: UserComment (37510) - type: undefined (7) Tag Location: 106 - Data Location: 132 - value: <table: 666 bytes>
2026-06-28 17:11:50,558 | DEBUG    | PIL.TiffImagePlugin:load:942 | tag: Make (271) - type: string (2) Tag Location: 22 - Data Location: 126 - value: b'sana\x00'
2026-06-28 17:11:50,559 | DEBUG    | PIL.TiffImagePlugin:load:942 | tag: Orientation (274) - type: short (3) - value: b'\x01\x00'
2026-06-28 17:11:50,560 | DEBUG    | PIL.TiffImagePlugin:load:942 | tag: XResolution (282) - type: rational (5) Tag Location: 46 - Data Location: 110 - value: b'H\x00\x00\x00\x01\x00\x00\x00'
2026-06-28 17:11:50,561 | DEBUG    | PIL.TiffImagePlugin:load:942 | tag: YResolution (283) - type: rational (5) Tag Location: 58 - Data Location: 118 - value: b'H\x00\x00\x00\x01\x00\x00\x00'
2026-06-28 17:11:50,562 | DEBUG    | PIL.TiffImagePlugin:load:942 | tag: ResolutionUnit (296) - type: short (3) - value: b'\x02\x00'
2026-06-28 17:11:50,562 | DEBUG    | PIL.TiffImagePlugin:load:942 | tag: YCbCrPositioning (531) - type: short (3) - value: b'\x01\x00'
2026-06-28 17:11:50,563 | DEBUG    | PIL.TiffImagePlugin:load:942 | tag: ExifIFD (34665) - type: long (4) - value: b'\xcc\x02\x00\x00'
2026-06-28 17:11:50,563 | DEBUG    | PIL.TiffImagePlugin:load:942 | tag: UserComment (37510) - type: undefined (7) Tag Location: 106 - Data Location: 132 - value: <table: 584 bytes>
2026-06-28 17:12:53,574 | INFO     | autovideofactory.services.editor:compose:262 | Video composed with voiceover: output\videos\final_5915093828604280348.mp4
2026-06-28 17:12:53,587 | WARNING  | autovideofactory.services.subtitle:transcribe:36 | whisper not installed, generating mock subtitles
2026-06-28 17:12:54,062 | INFO     | autovideofactory.services.publishing:publish_to_platform:267 | Publishing to youtube
2026-06-28 17:12:54,064 | INFO     | autovideofactory.services.publishing:publish:50 | YouTube publish: output\videos\final_5915093828604280348.mp4
2026-06-28 17:12:54,687 | INFO     | autovideofactory.database:get_engine:27 | Initializing database
2026-06-28 17:12:54,711 | DEBUG    | aiosqlite:_connection_worker_thread:62 | executing <function connect.<locals>.connector at 0x0000017C06B0C5C0>
2026-06-28 17:12:54,715 | DEBUG    | aiosqlite:_connection_worker_thread:67 | operation <function connect.<locals>.connector at 0x0000017C06B0C5C0> completed
2026-06-28 17:12:54,716 | DEBUG    | aiosqlite:_connection_worker_thread:62 | executing functools.partial(<built-in method create_function of sqlite3.Connection object at 0x0000017C06B19030>, 'regexp', 2, <function SQLiteDialect_pysqlite.on_connect.<locals>.regexp at 0x0000017C06AD9010>, deterministic=True)
2026-06-28 17:12:54,718 | DEBUG    | aiosqlite:_connection_worker_thread:67 | operation functools.partial(<built-in method create_function of sqlite3.Connection object at 0x0000017C06B19030>, 'regexp', 2, <function SQLiteDialect_pysqlite.on_connect.<locals>.regexp at 0x0000017C06AD9010>, deterministic=True) completed
2026-06-28 17:12:54,719 | DEBUG    | aiosqlite:_connection_worker_thread:62 | executing functools.partial(<built-in method create_function of sqlite3.Connection object at 0x0000017C06B19030>, 'floor', 1, <built-in function floor>, deterministic=True)
2026-06-28 17:12:54,719 | DEBUG    | aiosqlite:_connection_worker_thread:67 | operation functools.partial(<built-in method create_function of sqlite3.Connection object at 0x0000017C06B19030>, 'floor', 1, <built-in function floor>, deterministic=True) completed
2026-06-28 17:12:54,720 | DEBUG    | aiosqlite:_connection_worker_thread:62 | executing functools.partial(<built-in method cursor of sqlite3.Connection object at 0x0000017C06B19030>)
2026-06-28 17:12:54,721 | DEBUG    | aiosqlite:_connection_worker_thread:67 | operation functools.partial(<built-in method cursor of sqlite3.Connection object at 0x0000017C06B19030>) completed
2026-06-28 17:12:54,723 | DEBUG    | aiosqlite:_connection_worker_thread:62 | executing functools.partial(<built-in method execute of sqlite3.Cursor object at 0x0000017C06AE9F40>, 'PRAGMA read_uncommitted', [])
2026-06-28 17:12:54,724 | DEBUG    | aiosqlite:_connection_worker_thread:67 | operation functools.partial(<built-in method execute of sqlite3.Cursor object at 0x0000017C06AE9F40>, 'PRAGMA read_uncommitted', []) completed
2026-06-28 17:12:54,725 | DEBUG    | aiosqlite:_connection_worker_thread:62 | executing functools.partial(<built-in method fetchall of sqlite3.Cursor object at 0x0000017C06AE9F40>)
2026-06-28 17:12:54,726 | DEBUG    | aiosqlite:_connection_worker_thread:67 | operation functools.partial(<built-in method fetchall of sqlite3.Cursor object at 0x0000017C06AE9F40>) completed
2026-06-28 17:12:54,727 | DEBUG    | aiosqlite:_connection_worker_thread:62 | executing functools.partial(<built-in method close of sqlite3.Cursor object at 0x0000017C06AE9F40>)
2026-06-28 17:12:54,729 | DEBUG    | aiosqlite:_connection_worker_thread:67 | operation functools.partial(<built-in method close of sqlite3.Cursor object at 0x0000017C06AE9F40>) completed
2026-06-28 17:12:54,730 | DEBUG    | aiosqlite:_connection_worker_thread:62 | executing functools.partial(<built-in method rollback of sqlite3.Connection object at 0x0000017C06B19030>)
2026-06-28 17:12:54,731 | DEBUG    | aiosqlite:_connection_worker_thread:67 | operation functools.partial(<built-in method rollback of sqlite3.Connection object at 0x0000017C06B19030>) completed
2026-06-28 17:12:54,803 | DEBUG    | aiosqlite:_connection_worker_thread:62 | executing functools.partial(<built-in method cursor of sqlite3.Connection object at 0x0000017C06B19030>)
2026-06-28 17:12:54,804 | DEBUG    | aiosqlite:_connection_worker_thread:67 | operation functools.partial(<built-in method cursor of sqlite3.Connection object at 0x0000017C06B19030>) completed
2026-06-28 17:12:54,806 | DEBUG    | aiosqlite:_connection_worker_thread:62 | executing functools.partial(<built-in method execute of sqlite3.Cursor object at 0x0000017C06CCD940>, 'SELECT you_tube_account.email, you_tube_account.channel_name, you_tube_account.refresh_token, you_tube_account.token_expiry, you_tube_account.quota_used_today, you_tube_account.quota_reset_date, you_tube_account.is_active, you_tube_account.last_upload_at, you_tube_account.upload_count, you_tube_account.id, you_tube_account.created_at, you_tube_account.updated_at \nFROM you_tube_account \nWHERE you_tube_account.is_active = 1 ORDER BY you_tube_account.upload_count ASC', ())
2026-06-28 17:12:54,809 | DEBUG    | aiosqlite:_connection_worker_thread:67 | operation functools.partial(<built-in method execute of sqlite3.Cursor object at 0x0000017C06CCD940>, 'SELECT you_tube_account.email, you_tube_account.channel_name, you_tube_account.refresh_token, you_tube_account.token_expiry, you_tube_account.quota_used_today, you_tube_account.quota_reset_date, you_tube_account.is_active, you_tube_account.last_upload_at, you_tube_account.upload_count, you_tube_account.id, you_tube_account.created_at, you_tube_account.updated_at \nFROM you_tube_account \nWHERE you_tube_account.is_active = 1 ORDER BY you_tube_account.upload_count ASC', ()) completed
2026-06-28 17:12:54,810 | DEBUG    | aiosqlite:_connection_worker_thread:62 | executing functools.partial(<built-in method fetchall of sqlite3.Cursor object at 0x0000017C06CCD940>)
2026-06-28 17:12:54,812 | DEBUG    | aiosqlite:_connection_worker_thread:67 | operation functools.partial(<built-in method fetchall of sqlite3.Cursor object at 0x0000017C06CCD940>) completed
2026-06-28 17:12:54,812 | DEBUG    | aiosqlite:_connection_worker_thread:62 | executing functools.partial(<built-in method close of sqlite3.Cursor object at 0x0000017C06CCD940>)
2026-06-28 17:12:54,813 | DEBUG    | aiosqlite:_connection_worker_thread:67 | operation functools.partial(<built-in method close of sqlite3.Cursor object at 0x0000017C06CCD940>) completed
2026-06-28 17:12:54,821 | DEBUG    | urllib3.connectionpool:_new_conn:1049 | Starting new HTTPS connection (1): oauth2.googleapis.com:443
2026-06-28 17:12:55,667 | DEBUG    | urllib3.connectionpool:_make_request:544 | https://oauth2.googleapis.com:443 "POST /token HTTP/1.1" 200 None
2026-06-28 17:12:55,672 | DEBUG    | aiosqlite:_connection_worker_thread:62 | executing functools.partial(<built-in method rollback of sqlite3.Connection object at 0x0000017C06B19030>)
2026-06-28 17:12:55,674 | DEBUG    | aiosqlite:_connection_worker_thread:67 | operation functools.partial(<built-in method rollback of sqlite3.Connection object at 0x0000017C06B19030>) completed
2026-06-28 17:12:55,675 | DEBUG    | aiosqlite:_connection_worker_thread:62 | executing functools.partial(<built-in method rollback of sqlite3.Connection object at 0x0000017C06B19030>)
2026-06-28 17:12:55,677 | DEBUG    | aiosqlite:_connection_worker_thread:67 | operation functools.partial(<built-in method rollback of sqlite3.Connection object at 0x0000017C06B19030>) completed
2026-06-28 17:12:55,682 | DEBUG    | aiosqlite:_connection_worker_thread:62 | executing functools.partial(<built-in method cursor of sqlite3.Connection object at 0x0000017C06B19030>)
2026-06-28 17:12:55,683 | DEBUG    | aiosqlite:_connection_worker_thread:67 | operation functools.partial(<built-in method cursor of sqlite3.Connection object at 0x0000017C06B19030>) completed
2026-06-28 17:12:55,684 | DEBUG    | aiosqlite:_connection_worker_thread:62 | executing functools.partial(<built-in method execute of sqlite3.Cursor object at 0x0000017C06AE96C0>, 'SELECT you_tube_account.email AS you_tube_account_email, you_tube_account.channel_name AS you_tube_account_channel_name, you_tube_account.refresh_token AS you_tube_account_refresh_token, you_tube_account.token_expiry AS you_tube_account_token_expiry, you_tube_account.quota_used_today AS you_tube_account_quota_used_today, you_tube_account.quota_reset_date AS you_tube_account_quota_reset_date, you_tube_account.is_active AS you_tube_account_is_active, you_tube_account.last_upload_at AS you_tube_account_last_upload_at, you_tube_account.upload_count AS you_tube_account_upload_count, you_tube_account.id AS you_tube_account_id, you_tube_account.created_at AS you_tube_account_created_at, you_tube_account.updated_at AS you_tube_account_updated_at \nFROM you_tube_account \nWHERE you_tube_account.id = ?', ('default',))
2026-06-28 17:12:55,685 | DEBUG    | aiosqlite:_connection_worker_thread:67 | operation functools.partial(<built-in method execute of sqlite3.Cursor object at 0x0000017C06AE96C0>, 'SELECT you_tube_account.email AS you_tube_account_email, you_tube_account.channel_name AS you_tube_account_channel_name, you_tube_account.refresh_token AS you_tube_account_refresh_token, you_tube_account.token_expiry AS you_tube_account_token_expiry, you_tube_account.quota_used_today AS you_tube_account_quota_used_today, you_tube_account.quota_reset_date AS you_tube_account_quota_reset_date, you_tube_account.is_active AS you_tube_account_is_active, you_tube_account.last_upload_at AS you_tube_account_last_upload_at, you_tube_account.upload_count AS you_tube_account_upload_count, you_tube_account.id AS you_tube_account_id, you_tube_account.created_at AS you_tube_account_created_at, you_tube_account.updated_at AS you_tube_account_updated_at \nFROM you_tube_account \nWHERE you_tube_account.id = ?', ('default',)) completed
2026-06-28 17:12:55,686 | DEBUG    | aiosqlite:_connection_worker_thread:62 | executing functools.partial(<built-in method fetchall of sqlite3.Cursor object at 0x0000017C06AE96C0>)
2026-06-28 17:12:55,687 | DEBUG    | aiosqlite:_connection_worker_thread:67 | operation functools.partial(<built-in method fetchall of sqlite3.Cursor object at 0x0000017C06AE96C0>) completed
2026-06-28 17:12:55,689 | DEBUG    | aiosqlite:_connection_worker_thread:62 | executing functools.partial(<built-in method close of sqlite3.Cursor object at 0x0000017C06AE96C0>)
2026-06-28 17:12:55,692 | DEBUG    | aiosqlite:_connection_worker_thread:67 | operation functools.partial(<built-in method close of sqlite3.Cursor object at 0x0000017C06AE96C0>) completed
2026-06-28 17:12:55,694 | DEBUG    | aiosqlite:_connection_worker_thread:62 | executing functools.partial(<built-in method rollback of sqlite3.Connection object at 0x0000017C06B19030>)
2026-06-28 17:12:55,695 | DEBUG    | aiosqlite:_connection_worker_thread:67 | operation functools.partial(<built-in method rollback of sqlite3.Connection object at 0x0000017C06B19030>) completed
2026-06-28 17:12:55,696 | DEBUG    | aiosqlite:_connection_worker_thread:62 | executing functools.partial(<built-in method rollback of sqlite3.Connection object at 0x0000017C06B19030>)
2026-06-28 17:12:55,697 | DEBUG    | aiosqlite:_connection_worker_thread:67 | operation functools.partial(<built-in method rollback of sqlite3.Connection object at 0x0000017C06B19030>) completed
2026-06-28 17:12:55,698 | WARNING  | autovideofactory.services.publishing:_publish_via_api:72 | YouTube quota exhausted for account default, trying next account
2026-06-28 17:12:55,700 | DEBUG    | aiosqlite:_connection_worker_thread:62 | executing functools.partial(<built-in method cursor of sqlite3.Connection object at 0x0000017C06B19030>)
2026-06-28 17:12:55,702 | DEBUG    | aiosqlite:_connection_worker_thread:67 | operation functools.partial(<built-in method cursor of sqlite3.Connection object at 0x0000017C06B19030>) completed
2026-06-28 17:12:55,703 | DEBUG    | aiosqlite:_connection_worker_thread:62 | executing functools.partial(<built-in method execute of sqlite3.Cursor object at 0x0000017C06CCE440>, 'SELECT you_tube_account.email, you_tube_account.channel_name, you_tube_account.refresh_token, you_tube_account.token_expiry, you_tube_account.quota_used_today, you_tube_account.quota_reset_date, you_tube_account.is_active, you_tube_account.last_upload_at, you_tube_account.upload_count, you_tube_account.id, you_tube_account.created_at, you_tube_account.updated_at \nFROM you_tube_account \nWHERE you_tube_account.is_active = 1', ())
2026-06-28 17:12:55,706 | DEBUG    | aiosqlite:_connection_worker_thread:67 | operation functools.partial(<built-in method execute of sqlite3.Cursor object at 0x0000017C06CCE440>, 'SELECT you_tube_account.email, you_tube_account.channel_name, you_tube_account.refresh_token, you_tube_account.token_expiry, you_tube_account.quota_used_today, you_tube_account.quota_reset_date, you_tube_account.is_active, you_tube_account.last_upload_at, you_tube_account.upload_count, you_tube_account.id, you_tube_account.created_at, you_tube_account.updated_at \nFROM you_tube_account \nWHERE you_tube_account.is_active = 1', ()) completed
2026-06-28 17:12:55,707 | DEBUG    | aiosqlite:_connection_worker_thread:62 | executing functools.partial(<built-in method fetchall of sqlite3.Cursor object at 0x0000017C06CCE440>)
2026-06-28 17:12:55,708 | DEBUG    | aiosqlite:_connection_worker_thread:67 | operation functools.partial(<built-in method fetchall of sqlite3.Cursor object at 0x0000017C06CCE440>) completed
2026-06-28 17:12:55,709 | DEBUG    | aiosqlite:_connection_worker_thread:62 | executing functools.partial(<built-in method close of sqlite3.Cursor object at 0x0000017C06CCE440>)
2026-06-28 17:12:55,711 | DEBUG    | aiosqlite:_connection_worker_thread:67 | operation functools.partial(<built-in method close of sqlite3.Cursor object at 0x0000017C06CCE440>) completed
2026-06-28 17:12:55,712 | DEBUG    | aiosqlite:_connection_worker_thread:62 | executing functools.partial(<built-in method rollback of sqlite3.Connection object at 0x0000017C06B19030>)
2026-06-28 17:12:55,713 | DEBUG    | aiosqlite:_connection_worker_thread:67 | operation functools.partial(<built-in method rollback of sqlite3.Connection object at 0x0000017C06B19030>) completed
2026-06-28 17:12:55,714 | DEBUG    | aiosqlite:_connection_worker_thread:62 | executing functools.partial(<built-in method rollback of sqlite3.Connection object at 0x0000017C06B19030>)
2026-06-28 17:12:55,716 | DEBUG    | aiosqlite:_connection_worker_thread:67 | operation functools.partial(<built-in method rollback of sqlite3.Connection object at 0x0000017C06B19030>) completed
2026-06-28 17:12:55,717 | DEBUG    | aiosqlite:_connection_worker_thread:62 | executing functools.partial(<built-in method cursor of sqlite3.Connection object at 0x0000017C06B19030>)
2026-06-28 17:12:55,718 | DEBUG    | aiosqlite:_connection_worker_thread:67 | operation functools.partial(<built-in method cursor of sqlite3.Connection object at 0x0000017C06B19030>) completed
2026-06-28 17:12:55,719 | DEBUG    | aiosqlite:_connection_worker_thread:62 | executing functools.partial(<built-in method execute of sqlite3.Cursor object at 0x0000017C06CCF0C0>, 'SELECT you_tube_account.email AS you_tube_account_email, you_tube_account.channel_name AS you_tube_account_channel_name, you_tube_account.refresh_token AS you_tube_account_refresh_token, you_tube_account.token_expiry AS you_tube_account_token_expiry, you_tube_account.quota_used_today AS you_tube_account_quota_used_today, you_tube_account.quota_reset_date AS you_tube_account_quota_reset_date, you_tube_account.is_active AS you_tube_account_is_active, you_tube_account.last_upload_at AS you_tube_account_last_upload_at, you_tube_account.upload_count AS you_tube_account_upload_count, you_tube_account.id AS you_tube_account_id, you_tube_account.created_at AS you_tube_account_created_at, you_tube_account.updated_at AS you_tube_account_updated_at \nFROM you_tube_account \nWHERE you_tube_account.id = ?', ('79ad8da68ef54a2b83013263f83f5b9f',))
2026-06-28 17:12:55,721 | DEBUG    | aiosqlite:_connection_worker_thread:67 | operation functools.partial(<built-in method execute of sqlite3.Cursor object at 0x0000017C06CCF0C0>, 'SELECT you_tube_account.email AS you_tube_account_email, you_tube_account.channel_name AS you_tube_account_channel_name, you_tube_account.refresh_token AS you_tube_account_refresh_token, you_tube_account.token_expiry AS you_tube_account_token_expiry, you_tube_account.quota_used_today AS you_tube_account_quota_used_today, you_tube_account.quota_reset_date AS you_tube_account_quota_reset_date, you_tube_account.is_active AS you_tube_account_is_active, you_tube_account.last_upload_at AS you_tube_account_last_upload_at, you_tube_account.upload_count AS you_tube_account_upload_count, you_tube_account.id AS you_tube_account_id, you_tube_account.created_at AS you_tube_account_created_at, you_tube_account.updated_at AS you_tube_account_updated_at \nFROM you_tube_account \nWHERE you_tube_account.id = ?', ('79ad8da68ef54a2b83013263f83f5b9f',)) completed
2026-06-28 17:12:55,724 | DEBUG    | aiosqlite:_connection_worker_thread:62 | executing functools.partial(<built-in method fetchall of sqlite3.Cursor object at 0x0000017C06CCF0C0>)
2026-06-28 17:12:55,727 | DEBUG    | aiosqlite:_connection_worker_thread:67 | operation functools.partial(<built-in method fetchall of sqlite3.Cursor object at 0x0000017C06CCF0C0>) completed
2026-06-28 17:12:55,728 | DEBUG    | aiosqlite:_connection_worker_thread:62 | executing functools.partial(<built-in method close of sqlite3.Cursor object at 0x0000017C06CCF0C0>)
2026-06-28 17:12:55,730 | DEBUG    | aiosqlite:_connection_worker_thread:67 | operation functools.partial(<built-in method close of sqlite3.Cursor object at 0x0000017C06CCF0C0>) completed
2026-06-28 17:12:55,731 | DEBUG    | aiosqlite:_connection_worker_thread:62 | executing functools.partial(<built-in method rollback of sqlite3.Connection object at 0x0000017C06B19030>)
2026-06-28 17:12:55,732 | DEBUG    | aiosqlite:_connection_worker_thread:67 | operation functools.partial(<built-in method rollback of sqlite3.Connection object at 0x0000017C06B19030>) completed
2026-06-28 17:12:55,733 | DEBUG    | aiosqlite:_connection_worker_thread:62 | executing functools.partial(<built-in method rollback of sqlite3.Connection object at 0x0000017C06B19030>)
2026-06-28 17:12:55,734 | DEBUG    | aiosqlite:_connection_worker_thread:67 | operation functools.partial(<built-in method rollback of sqlite3.Connection object at 0x0000017C06B19030>) completed
2026-06-28 17:12:55,736 | DEBUG    | aiosqlite:_connection_worker_thread:62 | executing functools.partial(<built-in method cursor of sqlite3.Connection object at 0x0000017C06B19030>)
2026-06-28 17:12:55,737 | DEBUG    | aiosqlite:_connection_worker_thread:67 | operation functools.partial(<built-in method cursor of sqlite3.Connection object at 0x0000017C06B19030>) completed
2026-06-28 17:12:55,739 | DEBUG    | aiosqlite:_connection_worker_thread:62 | executing functools.partial(<built-in method execute of sqlite3.Cursor object at 0x0000017C06AE9FC0>, 'SELECT you_tube_account.email, you_tube_account.channel_name, you_tube_account.refresh_token, you_tube_account.token_expiry, you_tube_account.quota_used_today, you_tube_account.quota_reset_date, you_tube_account.is_active, you_tube_account.last_upload_at, you_tube_account.upload_count, you_tube_account.id, you_tube_account.created_at, you_tube_account.updated_at \nFROM you_tube_account \nWHERE you_tube_account.id = ? AND you_tube_account.is_active = 1', ('79ad8da68ef54a2b83013263f83f5b9f',))
2026-06-28 17:12:55,740 | DEBUG    | aiosqlite:_connection_worker_thread:67 | operation functools.partial(<built-in method execute of sqlite3.Cursor object at 0x0000017C06AE9FC0>, 'SELECT you_tube_account.email, you_tube_account.channel_name, you_tube_account.refresh_token, you_tube_account.token_expiry, you_tube_account.quota_used_today, you_tube_account.quota_reset_date, you_tube_account.is_active, you_tube_account.last_upload_at, you_tube_account.upload_count, you_tube_account.id, you_tube_account.created_at, you_tube_account.updated_at \nFROM you_tube_account \nWHERE you_tube_account.id = ? AND you_tube_account.is_active = 1', ('79ad8da68ef54a2b83013263f83f5b9f',)) completed
2026-06-28 17:12:55,742 | DEBUG    | aiosqlite:_connection_worker_thread:62 | executing functools.partial(<built-in method fetchall of sqlite3.Cursor object at 0x0000017C06AE9FC0>)
2026-06-28 17:12:55,743 | DEBUG    | aiosqlite:_connection_worker_thread:67 | operation functools.partial(<built-in method fetchall of sqlite3.Cursor object at 0x0000017C06AE9FC0>) completed
2026-06-28 17:12:55,744 | DEBUG    | aiosqlite:_connection_worker_thread:62 | executing functools.partial(<built-in method close of sqlite3.Cursor object at 0x0000017C06AE9FC0>)
2026-06-28 17:12:55,745 | DEBUG    | aiosqlite:_connection_worker_thread:67 | operation functools.partial(<built-in method close of sqlite3.Cursor object at 0x0000017C06AE9FC0>) completed
2026-06-28 17:12:55,749 | DEBUG    | urllib3.connectionpool:_new_conn:1049 | Starting new HTTPS connection (1): oauth2.googleapis.com:443
2026-06-28 17:12:56,633 | DEBUG    | urllib3.connectionpool:_make_request:544 | https://oauth2.googleapis.com:443 "POST /token HTTP/1.1" 200 None
2026-06-28 17:12:56,639 | DEBUG    | aiosqlite:_connection_worker_thread:62 | executing functools.partial(<built-in method rollback of sqlite3.Connection object at 0x0000017C06B19030>)
2026-06-28 17:12:56,650 | DEBUG    | aiosqlite:_connection_worker_thread:67 | operation functools.partial(<built-in method rollback of sqlite3.Connection object at 0x0000017C06B19030>) completed
2026-06-28 17:12:56,651 | DEBUG    | aiosqlite:_connection_worker_thread:62 | executing functools.partial(<built-in method rollback of sqlite3.Connection object at 0x0000017C06B19030>)
2026-06-28 17:12:56,651 | DEBUG    | aiosqlite:_connection_worker_thread:67 | operation functools.partial(<built-in method rollback of sqlite3.Connection object at 0x0000017C06B19030>) completed
2026-06-28 17:12:56,653 | DEBUG    | aiosqlite:_connection_worker_thread:62 | executing functools.partial(<built-in method cursor of sqlite3.Connection object at 0x0000017C06B19030>)
2026-06-28 17:12:56,655 | DEBUG    | aiosqlite:_connection_worker_thread:67 | operation functools.partial(<built-in method cursor of sqlite3.Connection object at 0x0000017C06B19030>) completed
2026-06-28 17:12:56,656 | DEBUG    | aiosqlite:_connection_worker_thread:62 | executing functools.partial(<built-in method execute of sqlite3.Cursor object at 0x0000017C06AE9FC0>, 'SELECT you_tube_account.email AS you_tube_account_email, you_tube_account.channel_name AS you_tube_account_channel_name, you_tube_account.refresh_token AS you_tube_account_refresh_token, you_tube_account.token_expiry AS you_tube_account_token_expiry, you_tube_account.quota_used_today AS you_tube_account_quota_used_today, you_tube_account.quota_reset_date AS you_tube_account_quota_reset_date, you_tube_account.is_active AS you_tube_account_is_active, you_tube_account.last_upload_at AS you_tube_account_last_upload_at, you_tube_account.upload_count AS you_tube_account_upload_count, you_tube_account.id AS you_tube_account_id, you_tube_account.created_at AS you_tube_account_created_at, you_tube_account.updated_at AS you_tube_account_updated_at \nFROM you_tube_account \nWHERE you_tube_account.id = ?', ('79ad8da68ef54a2b83013263f83f5b9f',))
2026-06-28 17:12:56,657 | DEBUG    | aiosqlite:_connection_worker_thread:67 | operation functools.partial(<built-in method execute of sqlite3.Cursor object at 0x0000017C06AE9FC0>, 'SELECT you_tube_account.email AS you_tube_account_email, you_tube_account.channel_name AS you_tube_account_channel_name, you_tube_account.refresh_token AS you_tube_account_refresh_token, you_tube_account.token_expiry AS you_tube_account_token_expiry, you_tube_account.quota_used_today AS you_tube_account_quota_used_today, you_tube_account.quota_reset_date AS you_tube_account_quota_reset_date, you_tube_account.is_active AS you_tube_account_is_active, you_tube_account.last_upload_at AS you_tube_account_last_upload_at, you_tube_account.upload_count AS you_tube_account_upload_count, you_tube_account.id AS you_tube_account_id, you_tube_account.created_at AS you_tube_account_created_at, you_tube_account.updated_at AS you_tube_account_updated_at \nFROM you_tube_account \nWHERE you_tube_account.id = ?', ('79ad8da68ef54a2b83013263f83f5b9f',)) completed
2026-06-28 17:12:56,660 | DEBUG    | aiosqlite:_connection_worker_thread:62 | executing functools.partial(<built-in method fetchall of sqlite3.Cursor object at 0x0000017C06AE9FC0>)
2026-06-28 17:12:56,661 | DEBUG    | aiosqlite:_connection_worker_thread:67 | operation functools.partial(<built-in method fetchall of sqlite3.Cursor object at 0x0000017C06AE9FC0>) completed
2026-06-28 17:12:56,662 | DEBUG    | aiosqlite:_connection_worker_thread:62 | executing functools.partial(<built-in method close of sqlite3.Cursor object at 0x0000017C06AE9FC0>)
2026-06-28 17:12:56,663 | DEBUG    | aiosqlite:_connection_worker_thread:67 | operation functools.partial(<built-in method close of sqlite3.Cursor object at 0x0000017C06AE9FC0>) completed
2026-06-28 17:12:56,665 | DEBUG    | aiosqlite:_connection_worker_thread:62 | executing functools.partial(<built-in method rollback of sqlite3.Connection object at 0x0000017C06B19030>)
2026-06-28 17:12:56,666 | DEBUG    | aiosqlite:_connection_worker_thread:67 | operation functools.partial(<built-in method rollback of sqlite3.Connection object at 0x0000017C06B19030>) completed
2026-06-28 17:12:56,669 | DEBUG    | aiosqlite:_connection_worker_thread:62 | executing functools.partial(<built-in method rollback of sqlite3.Connection object at 0x0000017C06B19030>)
2026-06-28 17:12:56,681 | DEBUG    | aiosqlite:_connection_worker_thread:67 | operation functools.partial(<built-in method rollback of sqlite3.Connection object at 0x0000017C06B19030>) completed
2026-06-28 17:12:56,870 | INFO     | googleapiclient.discovery_cache:autodetect:49 | file_cache is only supported with oauth2client<4.0.0
2026-06-28 17:12:57,017 | DEBUG    | googleapiclient.discovery:method:1265 | URL being requested: POST https://youtube.googleapis.com/upload/youtube/v3/videos?part=snippet%2Cstatus&alt=json&uploadType=resumable
2026-06-28 17:12:59,472 | INFO     | autovideofactory.services.publishing:_publish_via_api:121 | YouTube upload progress: 5%
2026-06-28 17:12:59,831 | INFO     | autovideofactory.services.publishing:_publish_via_api:121 | YouTube upload progress: 10%
2026-06-28 17:13:00,181 | INFO     | autovideofactory.services.publishing:_publish_via_api:121 | YouTube upload progress: 15%
2026-06-28 17:13:00,546 | INFO     | autovideofactory.services.publishing:_publish_via_api:121 | YouTube upload progress: 21%
2026-06-28 17:13:00,908 | INFO     | autovideofactory.services.publishing:_publish_via_api:121 | YouTube upload progress: 26%
2026-06-28 17:13:01,261 | INFO     | autovideofactory.services.publishing:_publish_via_api:121 | YouTube upload progress: 31%
2026-06-28 17:13:01,810 | INFO     | autovideofactory.services.publishing:_publish_via_api:121 | YouTube upload progress: 37%
2026-06-28 17:13:02,136 | INFO     | autovideofactory.services.publishing:_publish_via_api:121 | YouTube upload progress: 42%
2026-06-28 17:13:02,463 | INFO     | autovideofactory.services.publishing:_publish_via_api:121 | YouTube upload progress: 47%
2026-06-28 17:13:02,830 | INFO     | autovideofactory.services.publishing:_publish_via_api:121 | YouTube upload progress: 53%
2026-06-28 17:13:03,186 | INFO     | autovideofactory.services.publishing:_publish_via_api:121 | YouTube upload progress: 58%
2026-06-28 17:13:03,542 | INFO     | autovideofactory.services.publishing:_publish_via_api:121 | YouTube upload progress: 63%
2026-06-28 17:13:04,213 | INFO     | autovideofactory.services.publishing:_publish_via_api:121 | YouTube upload progress: 69%
2026-06-28 17:13:04,568 | INFO     | autovideofactory.services.publishing:_publish_via_api:121 | YouTube upload progress: 74%
2026-06-28 17:13:04,924 | INFO     | autovideofactory.services.publishing:_publish_via_api:121 | YouTube upload progress: 79%
2026-06-28 17:13:05,284 | INFO     | autovideofactory.services.publishing:_publish_via_api:121 | YouTube upload progress: 84%
2026-06-28 17:13:05,614 | INFO     | autovideofactory.services.publishing:_publish_via_api:121 | YouTube upload progress: 90%
2026-06-28 17:13:05,986 | INFO     | autovideofactory.services.publishing:_publish_via_api:121 | YouTube upload progress: 95%
2026-06-28 17:13:07,445 | INFO     | autovideofactory.services.publishing:_publish_via_api:124 | YouTube API upload complete: video_id=JXeAPTEKxcc
2026-06-28 17:13:07,448 | DEBUG    | aiosqlite:_connection_worker_thread:62 | executing functools.partial(<built-in method cursor of sqlite3.Connection object at 0x0000017C06B19030>)
2026-06-28 17:13:07,450 | DEBUG    | aiosqlite:_connection_worker_thread:67 | operation functools.partial(<built-in method cursor of sqlite3.Connection object at 0x0000017C06B19030>) completed
2026-06-28 17:13:07,451 | DEBUG    | aiosqlite:_connection_worker_thread:62 | executing functools.partial(<built-in method execute of sqlite3.Cursor object at 0x0000017C0711A7C0>, 'SELECT you_tube_account.email AS you_tube_account_email, you_tube_account.channel_name AS you_tube_account_channel_name, you_tube_account.refresh_token AS you_tube_account_refresh_token, you_tube_account.token_expiry AS you_tube_account_token_expiry, you_tube_account.quota_used_today AS you_tube_account_quota_used_today, you_tube_account.quota_reset_date AS you_tube_account_quota_reset_date, you_tube_account.is_active AS you_tube_account_is_active, you_tube_account.last_upload_at AS you_tube_account_last_upload_at, you_tube_account.upload_count AS you_tube_account_upload_count, you_tube_account.id AS you_tube_account_id, you_tube_account.created_at AS you_tube_account_created_at, you_tube_account.updated_at AS you_tube_account_updated_at \nFROM you_tube_account \nWHERE you_tube_account.id = ?', ('79ad8da68ef54a2b83013263f83f5b9f',))
2026-06-28 17:13:07,464 | DEBUG    | aiosqlite:_connection_worker_thread:67 | operation functools.partial(<built-in method execute of sqlite3.Cursor object at 0x0000017C0711A7C0>, 'SELECT you_tube_account.email AS you_tube_account_email, you_tube_account.channel_name AS you_tube_account_channel_name, you_tube_account.refresh_token AS you_tube_account_refresh_token, you_tube_account.token_expiry AS you_tube_account_token_expiry, you_tube_account.quota_used_today AS you_tube_account_quota_used_today, you_tube_account.quota_reset_date AS you_tube_account_quota_reset_date, you_tube_account.is_active AS you_tube_account_is_active, you_tube_account.last_upload_at AS you_tube_account_last_upload_at, you_tube_account.upload_count AS you_tube_account_upload_count, you_tube_account.id AS you_tube_account_id, you_tube_account.created_at AS you_tube_account_created_at, you_tube_account.updated_at AS you_tube_account_updated_at \nFROM you_tube_account \nWHERE you_tube_account.id = ?', ('79ad8da68ef54a2b83013263f83f5b9f',)) completed
2026-06-28 17:13:07,465 | DEBUG    | aiosqlite:_connection_worker_thread:62 | executing functools.partial(<built-in method fetchall of sqlite3.Cursor object at 0x0000017C0711A7C0>)
2026-06-28 17:13:07,466 | DEBUG    | aiosqlite:_connection_worker_thread:67 | operation functools.partial(<built-in method fetchall of sqlite3.Cursor object at 0x0000017C0711A7C0>) completed
2026-06-28 17:13:07,466 | DEBUG    | aiosqlite:_connection_worker_thread:62 | executing functools.partial(<built-in method close of sqlite3.Cursor object at 0x0000017C0711A7C0>)
2026-06-28 17:13:07,467 | DEBUG    | aiosqlite:_connection_worker_thread:67 | operation functools.partial(<built-in method close of sqlite3.Cursor object at 0x0000017C0711A7C0>) completed
2026-06-28 17:13:07,470 | DEBUG    | aiosqlite:_connection_worker_thread:62 | executing functools.partial(<built-in method cursor of sqlite3.Connection object at 0x0000017C06B19030>)
2026-06-28 17:13:07,471 | DEBUG    | aiosqlite:_connection_worker_thread:67 | operation functools.partial(<built-in method cursor of sqlite3.Connection object at 0x0000017C06B19030>) completed
2026-06-28 17:13:07,471 | DEBUG    | aiosqlite:_connection_worker_thread:62 | executing functools.partial(<built-in method execute of sqlite3.Cursor object at 0x0000017C0711A7C0>, 'UPDATE you_tube_account SET quota_used_today=?, last_upload_at=?, upload_count=?, updated_at=? WHERE you_tube_account.id = ?', (3200, '2026-06-28 11:43:07.468264', 2, '2026-06-28 11:43:07.470147', '79ad8da68ef54a2b83013263f83f5b9f'))
2026-06-28 17:13:07,472 | DEBUG    | aiosqlite:_connection_worker_thread:67 | operation functools.partial(<built-in method execute of sqlite3.Cursor object at 0x0000017C0711A7C0>, 'UPDATE you_tube_account SET quota_used_today=?, last_upload_at=?, upload_count=?, updated_at=? WHERE you_tube_account.id = ?', (3200, '2026-06-28 11:43:07.468264', 2, '2026-06-28 11:43:07.470147', '79ad8da68ef54a2b83013263f83f5b9f')) completed
2026-06-28 17:13:07,473 | DEBUG    | aiosqlite:_connection_worker_thread:62 | executing functools.partial(<built-in method close of sqlite3.Cursor object at 0x0000017C0711A7C0>)
2026-06-28 17:13:07,473 | DEBUG    | aiosqlite:_connection_worker_thread:67 | operation functools.partial(<built-in method close of sqlite3.Cursor object at 0x0000017C0711A7C0>) completed
2026-06-28 17:13:07,474 | DEBUG    | aiosqlite:_connection_worker_thread:62 | executing functools.partial(<built-in method commit of sqlite3.Connection object at 0x0000017C06B19030>)
2026-06-28 17:13:07,551 | DEBUG    | aiosqlite:_connection_worker_thread:67 | operation functools.partial(<built-in method commit of sqlite3.Connection object at 0x0000017C06B19030>) completed
2026-06-28 17:13:07,553 | DEBUG    | aiosqlite:_connection_worker_thread:62 | executing functools.partial(<built-in method rollback of sqlite3.Connection object at 0x0000017C06B19030>)
2026-06-28 17:13:07,553 | DEBUG    | aiosqlite:_connection_worker_thread:67 | operation functools.partial(<built-in method rollback of sqlite3.Connection object at 0x0000017C06B19030>) completed
2026-06-28 17:13:07,554 | INFO     | autovideofactory.services.analytics:track_event:35 | Analytics event: pipeline.completed
2026-06-28 17:13:07,555 | INFO     | autovideofactory.services.learning:record_feedback:33 | Feedback recorded: 1.00 from pipeline
Pipeline: 47b07b1511084efe9366d3d9e093313b
Status: completed
Video: output\videos\final_5915093828604280348.mp4
Published: None on None
URL: 
